Using pre-set license
Built from '2020.3/staging' branch; Version is '2020.3.26f1 (7298b473bc1a) revision 7510196'; Using compiler version '192528614'; Build Type 'Release'
OS: 'Windows 10  (10.0.19043) 64bit Core' Language: 'en' Physical Memory: 12069 MB
BatchMode: 1, IsHumanControllingUs: 0, StartBugReporterOnCrash: 0, Is64bit: 1, IsPro: 0

COMMAND LINE ARGUMENTS:
C:\Program Files\Unity\Hub\Editor\2020.3.26f1\Editor\Unity.exe
-adb2
-batchMode
-noUpm
-name
AssetImportWorker0
-projectPath
C:/Users/rayel/Desktop/Negotiation-Simulator/Negotiation Simulator
-logFile
Logs/AssetImportWorker0.log
-srvPort
63741
Successfully changed project path to: C:/Users/rayel/Desktop/Negotiation-Simulator/Negotiation Simulator
C:/Users/rayel/Desktop/Negotiation-Simulator/Negotiation Simulator
Using Asset Import Pipeline V2.
Refreshing native plugins compatible for Editor in 126.48 ms, found 14 plugins.
Preloading 1 native plugins for Editor in 1.47 ms.
Initialize engine version: 2020.3.26f1 (7298b473bc1a)
[Subsystems] Discovering subsystems at path C:/Program Files/Unity/Hub/Editor/2020.3.26f1/Editor/Data/Resources/UnitySubsystems
[Subsystems] Discovering subsystems at path C:/Users/rayel/Desktop/Negotiation-Simulator/Negotiation Simulator/Assets
GfxDevice: creating device client; threaded=0
Direct3D:
    Version:  Direct3D 11.0 [level 11.1]
    Renderer: Intel(R) Iris(R) Plus Graphics (ID=0x8a52)
    Vendor:   
    VRAM:     6034 MB
    Driver:   27.20.100.8681
Initialize mono
Mono path[0] = 'C:/Program Files/Unity/Hub/Editor/2020.3.26f1/Editor/Data/Managed'
Mono path[1] = 'C:/Program Files/Unity/Hub/Editor/2020.3.26f1/Editor/Data/MonoBleedingEdge/lib/mono/unityjit'
Mono config path = 'C:/Program Files/Unity/Hub/Editor/2020.3.26f1/Editor/Data/MonoBleedingEdge/etc'
Using monoOptions --debugger-agent=transport=dt_socket,embedding=1,server=y,suspend=n,address=127.0.0.1:56968
Begin MonoManager ReloadAssembly
Registering precompiled unity dll's ...
Register platform support module: C:/Program Files/Unity/Hub/Editor/2020.3.26f1/Editor/Data/PlaybackEngines/WindowsStandaloneSupport/UnityEditor.WindowsStandalone.Extensions.dll
Registered in 0.001570 seconds.
Native extension for WindowsStandalone target not found
Refreshing native plugins compatible for Editor in 121.40 ms, found 14 plugins.
Preloading 1 native plugins for Editor in 0.12 ms.
Mono: successfully reloaded assembly
- Completed reload, in  0.927 seconds
Domain Reload Profiling:
	ReloadAssembly (927ms)
		BeginReloadAssembly (57ms)
			ExecutionOrderSort (0ms)
			DisableScriptedObjects (0ms)
			BackupInstance (0ms)
			ReleaseScriptingObjects (0ms)
			CreateAndSetChildDomain (1ms)
		EndReloadAssembly (787ms)
			LoadAssemblies (55ms)
			RebuildTransferFunctionScriptingTraits (0ms)
			SetupTypeCache (192ms)
			ReleaseScriptCaches (0ms)
			RebuildScriptCaches (59ms)
			SetupLoadedEditorAssemblies (363ms)
				LogAssemblyErrors (0ms)
				InitializePlatformSupportModulesInManaged (8ms)
				SetLoadedEditorAssemblies (0ms)
				RefreshPlugins (122ms)
				BeforeProcessingInitializeOnLoad (12ms)
				ProcessInitializeOnLoadAttributes (186ms)
				ProcessInitializeOnLoadMethodAttributes (35ms)
				AfterProcessingInitializeOnLoad (0ms)
				EditorAssembliesLoaded (0ms)
			ExecutionOrderSort2 (0ms)
			AwakeInstancesAfterBackupRestoration (0ms)
Platform modules already initialized, skipping
Registering precompiled user dll's ...
Registered in 0.009010 seconds.
Begin MonoManager ReloadAssembly
Native extension for WindowsStandalone target not found
Refreshing native plugins compatible for Editor in 78.01 ms, found 14 plugins.
Preloading 1 native plugins for Editor in 0.11 ms.
[XR] OculusXRPlugin: registering subsystems
[XR] Unable to register display lifecyle provider: [1]
[XR] Oculus Input lifecycle provider registered.
[XR] Unable to register input lifecyle provider: [1]
System.Reflection.TargetInvocationException: Exception has been thrown by the target of an invocation. ---> System.NullReferenceException: Object reference not set to an instance of an object
  at Unity.XR.Oculus.OculusLoader.AssetPathToAbsolutePath (System.String assetPath) [0x00048] in C:\Users\rayel\Desktop\Negotiation-Simulator\Negotiation Simulator\Library\PackageCache\com.unity.xr.oculus@1.11.2\Runtime\OculusLoader.cs:250 
  at Unity.XR.Oculus.OculusLoader.EditorLoadOVRPlugin () [0x0007b] in C:\Users\rayel\Desktop\Negotiation-Simulator\Negotiation Simulator\Library\PackageCache\com.unity.xr.oculus@1.11.2\Runtime\OculusLoader.cs:235 
  at (wrapper managed-to-native) System.Reflection.MonoMethod.InternalInvoke(System.Reflection.MonoMethod,object,object[],System.Exception&)
  at System.Reflection.MonoMethod.Invoke (System.Object obj, System.Reflection.BindingFlags invokeAttr, System.Reflection.Binder binder, System.Object[] parameters, System.Globalization.CultureInfo culture) [0x00032] in <695d1cc93cca45069c528c15c9fdd749>:0 
   --- End of inner exception stack trace ---
  at System.Reflection.MonoMethod.Invoke (System.Object obj, System.Reflection.BindingFlags invokeAttr, System.Reflection.Binder binder, System.Object[] parameters, System.Globalization.CultureInfo culture) [0x00048] in <695d1cc93cca45069c528c15c9fdd749>:0 
  at System.Reflection.MethodBase.Invoke (System.Object obj, System.Object[] parameters) [0x00000] in <695d1cc93cca45069c528c15c9fdd749>:0 
  at UnityEditor.EditorAssemblies.ProcessInitializeOnLoadMethodAttributes () [0x00047] in <55729f52d042492e9efc384182ae2feb>:0 
UnityEngine.StackTraceUtility:ExtractStackTrace ()
UnityEngine.DebugLogHandler:LogFormat (UnityEngine.LogType,UnityEngine.Object,string,object[])
UnityEngine.Logger:Log (UnityEngine.LogType,object)
UnityEngine.Debug:LogError (object)
UnityEditor.EditorAssemblies:ProcessInitializeOnLoadMethodAttributes ()

Mono: successfully reloaded assembly
- Completed reload, in  1.766 seconds
Domain Reload Profiling:
	ReloadAssembly (1767ms)
		BeginReloadAssembly (148ms)
			ExecutionOrderSort (0ms)
			DisableScriptedObjects (5ms)
			BackupInstance (0ms)
			ReleaseScriptingObjects (0ms)
			CreateAndSetChildDomain (20ms)
		EndReloadAssembly (1542ms)
			LoadAssemblies (106ms)
			RebuildTransferFunctionScriptingTraits (0ms)
			SetupTypeCache (468ms)
			ReleaseScriptCaches (1ms)
			RebuildScriptCaches (53ms)
			SetupLoadedEditorAssemblies (713ms)
				LogAssemblyErrors (0ms)
				InitializePlatformSupportModulesInManaged (4ms)
				SetLoadedEditorAssemblies (0ms)
				RefreshPlugins (78ms)
				BeforeProcessingInitializeOnLoad (167ms)
				ProcessInitializeOnLoadAttributes (410ms)
				ProcessInitializeOnLoadMethodAttributes (42ms)
				AfterProcessingInitializeOnLoad (12ms)
				EditorAssembliesLoaded (0ms)
			ExecutionOrderSort2 (0ms)
			AwakeInstancesAfterBackupRestoration (11ms)
Platform modules already initialized, skipping
========================================================================
Worker process is ready to serve import requests
Launched and connected shader compiler UnityShaderCompiler.exe after 0.05 seconds
Refreshing native plugins compatible for Editor in 1.35 ms, found 14 plugins.
Preloading 1 native plugins for Editor in 0.18 ms.
Unloading 2406 Unused Serialized files (Serialized files now loaded: 0)
System memory in use before: 100.0 MB.
System memory in use after: 100.2 MB.

Unloading 59 unused Assets to reduce memory usage. Loaded Objects now: 2808.
Total: 4.882400 ms (FindLiveObjects: 0.313100 ms CreateObjectMapping: 0.176600 ms MarkObjects: 4.262800 ms  DeleteObjects: 0.127700 ms)

AssetImportParameters requested are different than current active one (requested -> active):
  custom:framework-win-MediaFoundation: 216162199b28c13a410421893ffa2e32 -> 
  custom:video-decoder-ogg-theora: a1e56fd34408186e4bbccfd4996cb3dc -> 
  custom:container-muxer-webm: aa71ff27fc2769a1b78a27578f13a17b -> 
  custom:container-demuxer-webm: 4f35f7cbe854078d1ac9338744f61a02 -> 
  custom:container-demuxer-ogg: 62fdf1f143b41e24485cea50d1cbac27 -> 
  custom:video-encoder-webm-vp8: eb34c28f22e8b96e1ab97ce403110664 -> 
  custom:video-decoder-webm-vp8: 9c59270c3fd7afecdb556c50c9e8de78 -> 
  custom:audio-decoder-ogg-vorbis: bf7c407c2cedff20999df2af8eb42d56 -> 
  custom:audio-encoder-webm-vorbis: bf7c407c2cedff20999df2af8eb42d56 -> 
========================================================================
Received Import Request.
  path: Assets/SpeechBlend/Scripts
  artifactKey: Guid(a7d37a595ed943c4f92f70a8ec07043b) Importer(815301076,1909f56bfc062723c751e8b465ee728b)
Start importing Assets/SpeechBlend/Scripts using Guid(a7d37a595ed943c4f92f70a8ec07043b) Importer(815301076,1909f56bfc062723c751e8b465ee728b)  -> (artifact id: 'da0705e29943219b672f03bb597c7716') in 0.008146 seconds 
  Import took 0.013585 seconds .

========================================================================
Received Import Request.
  Time since last request: 0.000259 seconds.
  path: Assets/SpeechBlend/Scripts/SelectFaceBlendshapes.cs
  artifactKey: Guid(44584bc1798e32d4488001f95757489f) Importer(815301076,1909f56bfc062723c751e8b465ee728b)
Start importing Assets/SpeechBlend/Scripts/SelectFaceBlendshapes.cs using Guid(44584bc1798e32d4488001f95757489f) Importer(815301076,1909f56bfc062723c751e8b465ee728b)  -> (artifact id: '6ff2b43efe81b83acee5eda45fafa5dd') in 0.040636 seconds 
  Import took 0.046097 seconds .

========================================================================
Received Import Request.
  Time since last request: 0.000284 seconds.
  path: Assets/SpeechBlend/Scripts/SpeechBlend.cs
  artifactKey: Guid(5a2b0e8dc0a170a4082c251e6797a597) Importer(815301076,1909f56bfc062723c751e8b465ee728b)
Start importing Assets/SpeechBlend/Scripts/SpeechBlend.cs using Guid(5a2b0e8dc0a170a4082c251e6797a597) Importer(815301076,1909f56bfc062723c751e8b465ee728b)  -> (artifact id: 'cfe704644fcfd8a594ef849720dcb7fa') in 0.007033 seconds 
  Import took 0.014239 seconds .

========================================================================
Received Import Request.
  Time since last request: 157.112032 seconds.
  path: Assets/SpeechBlend/Demo
  artifactKey: Guid(6cf8ef3890917094fa8b2cfdfb371e25) Importer(815301076,1909f56bfc062723c751e8b465ee728b)
Start importing Assets/SpeechBlend/Demo using Guid(6cf8ef3890917094fa8b2cfdfb371e25) Importer(815301076,1909f56bfc062723c751e8b465ee728b)  -> (artifact id: '839c0f3edfff33b2b8aa3577a9287fea') in 0.006031 seconds 
  Import took 0.015862 seconds .

========================================================================
Received Import Request.
  Time since last request: 5.188663 seconds.
  path: Assets/SpeechBlend/Demo/Animations
  artifactKey: Guid(15371560c2c4c364dafbe43ed73a1d64) Importer(815301076,1909f56bfc062723c751e8b465ee728b)
Start importing Assets/SpeechBlend/Demo/Animations using Guid(15371560c2c4c364dafbe43ed73a1d64) Importer(815301076,1909f56bfc062723c751e8b465ee728b)  -> (artifact id: '5634819be7897fc79d24a6848ce974ed') in 0.003602 seconds 
  Import took 0.009750 seconds .

========================================================================
Received Import Request.
  Time since last request: 2.606089 seconds.
  path: Assets/SpeechBlend/Demo/AnimatorController
  artifactKey: Guid(4a9d024f4a0502b4bb1075e7c9173006) Importer(815301076,1909f56bfc062723c751e8b465ee728b)
Start importing Assets/SpeechBlend/Demo/AnimatorController using Guid(4a9d024f4a0502b4bb1075e7c9173006) Importer(815301076,1909f56bfc062723c751e8b465ee728b)  -> (artifact id: '15da69e7f8576c4d653bb372f3ef71f8') in 0.004285 seconds 
  Import took 0.015096 seconds .

========================================================================
Received Import Request.
  Time since last request: 4.237352 seconds.
  path: Assets/SpeechBlend/Demo/Scenes
  artifactKey: Guid(6117e52d8baca1e46ae4c83537aa42bc) Importer(815301076,1909f56bfc062723c751e8b465ee728b)
Start importing Assets/SpeechBlend/Demo/Scenes using Guid(6117e52d8baca1e46ae4c83537aa42bc) Importer(815301076,1909f56bfc062723c751e8b465ee728b)  -> (artifact id: 'b02e6e796c05334d8d03078e0c3b6d08') in 0.005232 seconds 
  Import took 0.010610 seconds .

========================================================================
Received Import Request.
  Time since last request: 1.573154 seconds.
  path: Assets/SpeechBlend/Demo/Scenes/SpeechBlendBasicDemo.unity
  artifactKey: Guid(d68ffdd7958b51a43967e73277c57a82) Importer(815301076,1909f56bfc062723c751e8b465ee728b)
Start importing Assets/SpeechBlend/Demo/Scenes/SpeechBlendBasicDemo.unity using Guid(d68ffdd7958b51a43967e73277c57a82) Importer(815301076,1909f56bfc062723c751e8b465ee728b)  -> (artifact id: 'aa29c2bebfb3215055c85c0ac46c37df') in 0.024758 seconds 
  Import took 0.030402 seconds .

========================================================================
Received Import Request.
  Time since last request: 2.262937 seconds.
  path: Assets/SpeechBlend/Demo/Scenes/SpeechBlendMicrophoneInputDemo.unity
  artifactKey: Guid(574fa252e0aad8b419264d861fab457f) Importer(815301076,1909f56bfc062723c751e8b465ee728b)
Start importing Assets/SpeechBlend/Demo/Scenes/SpeechBlendMicrophoneInputDemo.unity using Guid(574fa252e0aad8b419264d861fab457f) Importer(815301076,1909f56bfc062723c751e8b465ee728b)  -> (artifact id: '583ac39bdeae6312e827e191d9bea8a6') in 0.004444 seconds 
  Import took 0.011207 seconds .

========================================================================
Received Import Request.
  Time since last request: 1528.173991 seconds.
  path: Assets/Animations/Abigail Controller.controller
  artifactKey: Guid(d21ac56fa00d4d949a3e0ee16c8f5bbc) Importer(815301076,1909f56bfc062723c751e8b465ee728b)
Start importing Assets/Animations/Abigail Controller.controller using Guid(d21ac56fa00d4d949a3e0ee16c8f5bbc) Importer(815301076,1909f56bfc062723c751e8b465ee728b)  -> (artifact id: 'e990675eb8588c0ab19b646f04c6ea95') in 0.066110 seconds 
  Import took 0.079331 seconds .

========================================================================
Received Prepare
Registering precompiled user dll's ...
Registered in 0.009629 seconds.
Begin MonoManager ReloadAssembly
Native extension for WindowsStandalone target not found
Refreshing native plugins compatible for Editor in 0.94 ms, found 14 plugins.
Preloading 1 native plugins for Editor in 0.11 ms.
System.Reflection.TargetInvocationException: Exception has been thrown by the target of an invocation. ---> System.NullReferenceException: Object reference not set to an instance of an object
  at Unity.XR.Oculus.OculusLoader.AssetPathToAbsolutePath (System.String assetPath) [0x00048] in C:\Users\rayel\Desktop\Negotiation-Simulator\Negotiation Simulator\Library\PackageCache\com.unity.xr.oculus@1.11.2\Runtime\OculusLoader.cs:250 
  at Unity.XR.Oculus.OculusLoader.EditorLoadOVRPlugin () [0x0007b] in C:\Users\rayel\Desktop\Negotiation-Simulator\Negotiation Simulator\Library\PackageCache\com.unity.xr.oculus@1.11.2\Runtime\OculusLoader.cs:235 
  at (wrapper managed-to-native) System.Reflection.MonoMethod.InternalInvoke(System.Reflection.MonoMethod,object,object[],System.Exception&)
  at System.Reflection.MonoMethod.Invoke (System.Object obj, System.Reflection.BindingFlags invokeAttr, System.Reflection.Binder binder, System.Object[] parameters, System.Globalization.CultureInfo culture) [0x00032] in <695d1cc93cca45069c528c15c9fdd749>:0 
   --- End of inner exception stack trace ---
  at System.Reflection.MonoMethod.Invoke (System.Object obj, System.Reflection.BindingFlags invokeAttr, System.Reflection.Binder binder, System.Object[] parameters, System.Globalization.CultureInfo culture) [0x00048] in <695d1cc93cca45069c528c15c9fdd749>:0 
  at System.Reflection.MethodBase.Invoke (System.Object obj, System.Object[] parameters) [0x00000] in <695d1cc93cca45069c528c15c9fdd749>:0 
  at UnityEditor.EditorAssemblies.ProcessInitializeOnLoadMethodAttributes () [0x00047] in <55729f52d042492e9efc384182ae2feb>:0 
UnityEngine.StackTraceUtility:ExtractStackTrace ()
UnityEngine.DebugLogHandler:LogFormat (UnityEngine.LogType,UnityEngine.Object,string,object[])
UnityEngine.Logger:Log (UnityEngine.LogType,object)
UnityEngine.Debug:LogError (object)
UnityEditor.EditorAssemblies:ProcessInitializeOnLoadMethodAttributes ()

Mono: successfully reloaded assembly
- Completed reload, in  1.440 seconds
Domain Reload Profiling:
	ReloadAssembly (1441ms)
		BeginReloadAssembly (144ms)
			ExecutionOrderSort (0ms)
			DisableScriptedObjects (11ms)
			BackupInstance (0ms)
			ReleaseScriptingObjects (0ms)
			CreateAndSetChildDomain (40ms)
		EndReloadAssembly (1224ms)
			LoadAssemblies (108ms)
			RebuildTransferFunctionScriptingTraits (0ms)
			SetupTypeCache (395ms)
			ReleaseScriptCaches (1ms)
			RebuildScriptCaches (44ms)
			SetupLoadedEditorAssemblies (526ms)
				LogAssemblyErrors (0ms)
				InitializePlatformSupportModulesInManaged (3ms)
				SetLoadedEditorAssemblies (1ms)
				RefreshPlugins (1ms)
				BeforeProcessingInitializeOnLoad (123ms)
				ProcessInitializeOnLoadAttributes (367ms)
				ProcessInitializeOnLoadMethodAttributes (24ms)
				AfterProcessingInitializeOnLoad (7ms)
				EditorAssembliesLoaded (0ms)
			ExecutionOrderSort2 (0ms)
			AwakeInstancesAfterBackupRestoration (8ms)
Platform modules already initialized, skipping
Refreshing native plugins compatible for Editor in 0.92 ms, found 14 plugins.
Preloading 1 native plugins for Editor in 0.09 ms.
Unloading 2382 Unused Serialized files (Serialized files now loaded: 0)
System memory in use before: 99.6 MB.
System memory in use after: 99.8 MB.

Unloading 52 unused Assets to reduce memory usage. Loaded Objects now: 2811.
Total: 5.390800 ms (FindLiveObjects: 0.320900 ms CreateObjectMapping: 0.213100 ms MarkObjects: 4.799900 ms  DeleteObjects: 0.054900 ms)

AssetImportParameters requested are different than current active one (requested -> active):
  custom:framework-win-MediaFoundation: 216162199b28c13a410421893ffa2e32 -> 
  custom:video-decoder-ogg-theora: a1e56fd34408186e4bbccfd4996cb3dc -> 
  custom:container-muxer-webm: aa71ff27fc2769a1b78a27578f13a17b -> 
  custom:container-demuxer-webm: 4f35f7cbe854078d1ac9338744f61a02 -> 
  custom:container-demuxer-ogg: 62fdf1f143b41e24485cea50d1cbac27 -> 
  custom:video-encoder-webm-vp8: eb34c28f22e8b96e1ab97ce403110664 -> 
  custom:video-decoder-webm-vp8: 9c59270c3fd7afecdb556c50c9e8de78 -> 
  custom:audio-decoder-ogg-vorbis: bf7c407c2cedff20999df2af8eb42d56 -> 
  custom:audio-encoder-webm-vorbis: bf7c407c2cedff20999df2af8eb42d56 -> 
AssetImportWorkerClient::OnTransportError - code=2 error=End of file
