Using pre-set license
Built from '2020.3/staging' branch; Version is '2020.3.26f1 (7298b473bc1a) revision 7510196'; Using compiler version '192528614'; Build Type 'Release'
OS: 'Windows 10  (10.0.19043) 64bit Core' Language: 'en' Physical Memory: 12069 MB
BatchMode: 1, IsHumanControllingUs: 0, StartBugReporterOnCrash: 0, Is64bit: 1, IsPro: 0

COMMAND LINE ARGUMENTS:
C:\Program Files\Unity\Hub\Editor\2020.3.26f1\Editor\Unity.exe
-adb2
-batchMode
-noUpm
-name
AssetImportWorker0
-projectPath
C:/Users/rayel/Desktop/Negotiation-Simulator/Negotiation Simulator
-logFile
Logs/AssetImportWorker0.log
-srvPort
50457
Successfully changed project path to: C:/Users/rayel/Desktop/Negotiation-Simulator/Negotiation Simulator
C:/Users/rayel/Desktop/Negotiation-Simulator/Negotiation Simulator
Using Asset Import Pipeline V2.
Refreshing native plugins compatible for Editor in 200.17 ms, found 14 plugins.
Preloading 1 native plugins for Editor in 2.03 ms.
Initialize engine version: 2020.3.26f1 (7298b473bc1a)
[Subsystems] Discovering subsystems at path C:/Program Files/Unity/Hub/Editor/2020.3.26f1/Editor/Data/Resources/UnitySubsystems
[Subsystems] Discovering subsystems at path C:/Users/rayel/Desktop/Negotiation-Simulator/Negotiation Simulator/Assets
GfxDevice: creating device client; threaded=0
Direct3D:
    Version:  Direct3D 11.0 [level 11.1]
    Renderer: Intel(R) Iris(R) Plus Graphics (ID=0x8a52)
    Vendor:   
    VRAM:     6034 MB
    Driver:   27.20.100.8681
Initialize mono
Mono path[0] = 'C:/Program Files/Unity/Hub/Editor/2020.3.26f1/Editor/Data/Managed'
Mono path[1] = 'C:/Program Files/Unity/Hub/Editor/2020.3.26f1/Editor/Data/MonoBleedingEdge/lib/mono/unityjit'
Mono config path = 'C:/Program Files/Unity/Hub/Editor/2020.3.26f1/Editor/Data/MonoBleedingEdge/etc'
Using monoOptions --debugger-agent=transport=dt_socket,embedding=1,server=y,suspend=n,address=127.0.0.1:56604
Begin MonoManager ReloadAssembly
Registering precompiled unity dll's ...
Register platform support module: C:/Program Files/Unity/Hub/Editor/2020.3.26f1/Editor/Data/PlaybackEngines/WindowsStandaloneSupport/UnityEditor.WindowsStandalone.Extensions.dll
Registered in 0.005498 seconds.
Native extension for WindowsStandalone target not found
Refreshing native plugins compatible for Editor in 132.23 ms, found 14 plugins.
Preloading 1 native plugins for Editor in 0.19 ms.
Mono: successfully reloaded assembly
- Completed reload, in  1.603 seconds
Domain Reload Profiling:
	ReloadAssembly (1603ms)
		BeginReloadAssembly (140ms)
			ExecutionOrderSort (0ms)
			DisableScriptedObjects (0ms)
			BackupInstance (0ms)
			ReleaseScriptingObjects (0ms)
			CreateAndSetChildDomain (3ms)
		EndReloadAssembly (1267ms)
			LoadAssemblies (130ms)
			RebuildTransferFunctionScriptingTraits (0ms)
			SetupTypeCache (397ms)
			ReleaseScriptCaches (0ms)
			RebuildScriptCaches (64ms)
			SetupLoadedEditorAssemblies (541ms)
				LogAssemblyErrors (0ms)
				InitializePlatformSupportModulesInManaged (9ms)
				SetLoadedEditorAssemblies (1ms)
				RefreshPlugins (133ms)
				BeforeProcessingInitializeOnLoad (27ms)
				ProcessInitializeOnLoadAttributes (289ms)
				ProcessInitializeOnLoadMethodAttributes (83ms)
				AfterProcessingInitializeOnLoad (0ms)
				EditorAssembliesLoaded (0ms)
			ExecutionOrderSort2 (0ms)
			AwakeInstancesAfterBackupRestoration (0ms)
Platform modules already initialized, skipping
Registering precompiled user dll's ...
Registered in 0.028079 seconds.
Begin MonoManager ReloadAssembly
Native extension for WindowsStandalone target not found
Refreshing native plugins compatible for Editor in 125.79 ms, found 14 plugins.
Preloading 1 native plugins for Editor in 0.18 ms.
[XR] OculusXRPlugin: registering subsystems
[XR] Unable to register display lifecyle provider: [1]
[XR] Oculus Input lifecycle provider registered.
[XR] Unable to register input lifecyle provider: [1]
System.Reflection.TargetInvocationException: Exception has been thrown by the target of an invocation. ---> System.NullReferenceException: Object reference not set to an instance of an object
  at Unity.XR.Oculus.OculusLoader.AssetPathToAbsolutePath (System.String assetPath) [0x00048] in C:\Users\rayel\Desktop\Negotiation-Simulator\Negotiation Simulator\Library\PackageCache\com.unity.xr.oculus@1.11.2\Runtime\OculusLoader.cs:250 
  at Unity.XR.Oculus.OculusLoader.EditorLoadOVRPlugin () [0x0007b] in C:\Users\rayel\Desktop\Negotiation-Simulator\Negotiation Simulator\Library\PackageCache\com.unity.xr.oculus@1.11.2\Runtime\OculusLoader.cs:235 
  at (wrapper managed-to-native) System.Reflection.MonoMethod.InternalInvoke(System.Reflection.MonoMethod,object,object[],System.Exception&)
  at System.Reflection.MonoMethod.Invoke (System.Object obj, System.Reflection.BindingFlags invokeAttr, System.Reflection.Binder binder, System.Object[] parameters, System.Globalization.CultureInfo culture) [0x00032] in <695d1cc93cca45069c528c15c9fdd749>:0 
   --- End of inner exception stack trace ---
  at System.Reflection.MonoMethod.Invoke (System.Object obj, System.Reflection.BindingFlags invokeAttr, System.Reflection.Binder binder, System.Object[] parameters, System.Globalization.CultureInfo culture) [0x00048] in <695d1cc93cca45069c528c15c9fdd749>:0 
  at System.Reflection.MethodBase.Invoke (System.Object obj, System.Object[] parameters) [0x00000] in <695d1cc93cca45069c528c15c9fdd749>:0 
  at UnityEditor.EditorAssemblies.ProcessInitializeOnLoadMethodAttributes () [0x00047] in <55729f52d042492e9efc384182ae2feb>:0 
UnityEngine.StackTraceUtility:ExtractStackTrace ()
UnityEngine.DebugLogHandler:LogFormat (UnityEngine.LogType,UnityEngine.Object,string,object[])
UnityEngine.Logger:Log (UnityEngine.LogType,object)
UnityEngine.Debug:LogError (object)
UnityEditor.EditorAssemblies:ProcessInitializeOnLoadMethodAttributes ()

Mono: successfully reloaded assembly
- Completed reload, in  3.202 seconds
Domain Reload Profiling:
	ReloadAssembly (3204ms)
		BeginReloadAssembly (324ms)
			ExecutionOrderSort (0ms)
			DisableScriptedObjects (12ms)
			BackupInstance (0ms)
			ReleaseScriptingObjects (0ms)
			CreateAndSetChildDomain (38ms)
		EndReloadAssembly (2724ms)
			LoadAssemblies (265ms)
			RebuildTransferFunctionScriptingTraits (0ms)
			SetupTypeCache (805ms)
			ReleaseScriptCaches (1ms)
			RebuildScriptCaches (136ms)
			SetupLoadedEditorAssemblies (1198ms)
				LogAssemblyErrors (0ms)
				InitializePlatformSupportModulesInManaged (7ms)
				SetLoadedEditorAssemblies (0ms)
				RefreshPlugins (126ms)
				BeforeProcessingInitializeOnLoad (297ms)
				ProcessInitializeOnLoadAttributes (685ms)
				ProcessInitializeOnLoadMethodAttributes (66ms)
				AfterProcessingInitializeOnLoad (15ms)
				EditorAssembliesLoaded (0ms)
			ExecutionOrderSort2 (0ms)
			AwakeInstancesAfterBackupRestoration (15ms)
Platform modules already initialized, skipping
========================================================================
Worker process is ready to serve import requests
Launched and connected shader compiler UnityShaderCompiler.exe after 0.12 seconds
Refreshing native plugins compatible for Editor in 2.33 ms, found 14 plugins.
Preloading 1 native plugins for Editor in 0.19 ms.
Unloading 2395 Unused Serialized files (Serialized files now loaded: 0)
System memory in use before: 99.8 MB.
System memory in use after: 100.0 MB.

Unloading 59 unused Assets to reduce memory usage. Loaded Objects now: 2797.
Total: 6.597700 ms (FindLiveObjects: 0.395100 ms CreateObjectMapping: 0.223400 ms MarkObjects: 5.837600 ms  DeleteObjects: 0.139500 ms)

AssetImportParameters requested are different than current active one (requested -> active):
  custom:framework-win-MediaFoundation: 216162199b28c13a410421893ffa2e32 -> 
  custom:video-decoder-ogg-theora: a1e56fd34408186e4bbccfd4996cb3dc -> 
  custom:container-muxer-webm: aa71ff27fc2769a1b78a27578f13a17b -> 
  custom:container-demuxer-webm: 4f35f7cbe854078d1ac9338744f61a02 -> 
  custom:container-demuxer-ogg: 62fdf1f143b41e24485cea50d1cbac27 -> 
  custom:video-encoder-webm-vp8: eb34c28f22e8b96e1ab97ce403110664 -> 
  custom:video-decoder-webm-vp8: 9c59270c3fd7afecdb556c50c9e8de78 -> 
  custom:audio-decoder-ogg-vorbis: bf7c407c2cedff20999df2af8eb42d56 -> 
  custom:audio-encoder-webm-vorbis: bf7c407c2cedff20999df2af8eb42d56 -> 
========================================================================
Received Import Request.
  path: Assets/Animations/xbot@Having A Meeting, Female.fbx
  artifactKey: Guid(a5e082cb04d9b334693c5e729b782dff) Importer(815301076,1909f56bfc062723c751e8b465ee728b)
Start importing Assets/Animations/xbot@Having A Meeting, Female.fbx using Guid(a5e082cb04d9b334693c5e729b782dff) Importer(815301076,1909f56bfc062723c751e8b465ee728b)  -> (artifact id: 'ad83d21936fd2a85c3bc68587a9edb6e') in 0.138984 seconds 
  Import took 0.147823 seconds .

========================================================================
Received Import Request.
  Time since last request: 0.000735 seconds.
  path: Assets/Animations/xbot@Idle.fbx
  artifactKey: Guid(9c7b1b5824ec37e4baa84ee5ce84f5e4) Importer(815301076,1909f56bfc062723c751e8b465ee728b)
Start importing Assets/Animations/xbot@Idle.fbx using Guid(9c7b1b5824ec37e4baa84ee5ce84f5e4) Importer(815301076,1909f56bfc062723c751e8b465ee728b)  -> (artifact id: '78a03f8f868e8982faed7a29037fcc9b') in 0.015381 seconds 
  Import took 0.023945 seconds .

========================================================================
Received Import Request.
  Time since last request: 0.000779 seconds.
  path: Assets/Animations/xbot@Shaking Hands 1.fbx
  artifactKey: Guid(6e5b96f09c2ec7f47b2c41da081e5c13) Importer(815301076,1909f56bfc062723c751e8b465ee728b)
Start importing Assets/Animations/xbot@Shaking Hands 1.fbx using Guid(6e5b96f09c2ec7f47b2c41da081e5c13) Importer(815301076,1909f56bfc062723c751e8b465ee728b)  -> (artifact id: '0ee44976ce73c41adad606dfe515bb1b') in 0.018098 seconds 
  Import took 0.027274 seconds .

========================================================================
Received Import Request.
  Time since last request: 0.712563 seconds.
  path: Assets/Animations/xbot@Walking(in place).fbx
  artifactKey: Guid(c5e0221e728488c43ad702bcd83323e2) Importer(815301076,1909f56bfc062723c751e8b465ee728b)
Start importing Assets/Animations/xbot@Walking(in place).fbx using Guid(c5e0221e728488c43ad702bcd83323e2) Importer(815301076,1909f56bfc062723c751e8b465ee728b)  -> (artifact id: '909059219af9a085a8c34e28159f9c42') in 0.021407 seconds 
  Import took 0.031583 seconds .

========================================================================
Received Import Request.
  Time since last request: 15.499393 seconds.
  path: Assets/Animations/xbot@Having A Meeting, Female.fbx
  artifactKey: Guid(a5e082cb04d9b334693c5e729b782dff) Importer(815301076,1909f56bfc062723c751e8b465ee728b)
Start importing Assets/Animations/xbot@Having A Meeting, Female.fbx using Guid(a5e082cb04d9b334693c5e729b782dff) Importer(815301076,1909f56bfc062723c751e8b465ee728b)  -> (artifact id: 'faba0138a3c98c7ed17105564056d8c8') in 0.032255 seconds 
  Import took 0.040841 seconds .

========================================================================
Received Import Request.
  Time since last request: 14.385475 seconds.
  path: Assets/Animations/xbot@Having A Meeting, Female.fbx
  artifactKey: Guid(a5e082cb04d9b334693c5e729b782dff) Importer(815301076,1909f56bfc062723c751e8b465ee728b)
Start importing Assets/Animations/xbot@Having A Meeting, Female.fbx using Guid(a5e082cb04d9b334693c5e729b782dff) Importer(815301076,1909f56bfc062723c751e8b465ee728b)  -> (artifact id: '7c392ec9241510c7e1765c3ef82789e1') in 0.032161 seconds 
  Import took 0.042957 seconds .

========================================================================
Received Import Request.
  Time since last request: 13.655975 seconds.
  path: Assets/Animations/xbot@Idle.fbx
  artifactKey: Guid(9c7b1b5824ec37e4baa84ee5ce84f5e4) Importer(815301076,1909f56bfc062723c751e8b465ee728b)
Start importing Assets/Animations/xbot@Idle.fbx using Guid(9c7b1b5824ec37e4baa84ee5ce84f5e4) Importer(815301076,1909f56bfc062723c751e8b465ee728b)  -> (artifact id: '89ce066eb5ccfcbb77e2c60e6b99a41a') in 0.031799 seconds 
  Import took 0.049318 seconds .

========================================================================
Received Import Request.
  Time since last request: 9.667530 seconds.
  path: Assets/Animations/xbot@Idle.fbx
  artifactKey: Guid(9c7b1b5824ec37e4baa84ee5ce84f5e4) Importer(815301076,1909f56bfc062723c751e8b465ee728b)
Start importing Assets/Animations/xbot@Idle.fbx using Guid(9c7b1b5824ec37e4baa84ee5ce84f5e4) Importer(815301076,1909f56bfc062723c751e8b465ee728b)  -> (artifact id: '13d2b2dc198a5ab0dc58502fe2c6bcf4') in 0.035696 seconds 
  Import took 0.048303 seconds .

========================================================================
Received Import Request.
  Time since last request: 18.158753 seconds.
  path: Assets/Animations/xbot@Shaking Hands 1.fbx
  artifactKey: Guid(6e5b96f09c2ec7f47b2c41da081e5c13) Importer(815301076,1909f56bfc062723c751e8b465ee728b)
Start importing Assets/Animations/xbot@Shaking Hands 1.fbx using Guid(6e5b96f09c2ec7f47b2c41da081e5c13) Importer(815301076,1909f56bfc062723c751e8b465ee728b)  -> (artifact id: '32e5ca46cca6e6fcd6fd0afd386d9770') in 0.034712 seconds 
  Import took 0.048412 seconds .

========================================================================
Received Import Request.
  Time since last request: 6.804988 seconds.
  path: Assets/Animations/xbot@Shaking Hands 1.fbx
  artifactKey: Guid(6e5b96f09c2ec7f47b2c41da081e5c13) Importer(815301076,1909f56bfc062723c751e8b465ee728b)
Start importing Assets/Animations/xbot@Shaking Hands 1.fbx using Guid(6e5b96f09c2ec7f47b2c41da081e5c13) Importer(815301076,1909f56bfc062723c751e8b465ee728b)  -> (artifact id: '90620329b4f04029b9de163e656cd5ca') in 0.032813 seconds 
  Import took 0.045215 seconds .

========================================================================
Received Import Request.
  Time since last request: 18.826203 seconds.
  path: Assets/Animations/xbot@Walking(in place).fbx
  artifactKey: Guid(c5e0221e728488c43ad702bcd83323e2) Importer(815301076,1909f56bfc062723c751e8b465ee728b)
Start importing Assets/Animations/xbot@Walking(in place).fbx using Guid(c5e0221e728488c43ad702bcd83323e2) Importer(815301076,1909f56bfc062723c751e8b465ee728b)  -> (artifact id: 'aaed8d0f6179021c7a0e064c3c603ced') in 0.027832 seconds 
  Import took 0.039601 seconds .

========================================================================
Received Import Request.
  Time since last request: 5.952282 seconds.
  path: Assets/Animations/xbot@Walking(in place).fbx
  artifactKey: Guid(c5e0221e728488c43ad702bcd83323e2) Importer(815301076,1909f56bfc062723c751e8b465ee728b)
Start importing Assets/Animations/xbot@Walking(in place).fbx using Guid(c5e0221e728488c43ad702bcd83323e2) Importer(815301076,1909f56bfc062723c751e8b465ee728b)  -> (artifact id: '573d4f28670fc76cc3424500e9467f8f') in 0.029731 seconds 
  Import took 0.039515 seconds .

========================================================================
Received Prepare
Registering precompiled user dll's ...
Registered in 0.025044 seconds.
Begin MonoManager ReloadAssembly
Native extension for WindowsStandalone target not found
Refreshing native plugins compatible for Editor in 1.75 ms, found 14 plugins.
Preloading 1 native plugins for Editor in 0.26 ms.
System.Reflection.TargetInvocationException: Exception has been thrown by the target of an invocation. ---> System.NullReferenceException: Object reference not set to an instance of an object
  at Unity.XR.Oculus.OculusLoader.AssetPathToAbsolutePath (System.String assetPath) [0x00048] in C:\Users\rayel\Desktop\Negotiation-Simulator\Negotiation Simulator\Library\PackageCache\com.unity.xr.oculus@1.11.2\Runtime\OculusLoader.cs:250 
  at Unity.XR.Oculus.OculusLoader.EditorLoadOVRPlugin () [0x0007b] in C:\Users\rayel\Desktop\Negotiation-Simulator\Negotiation Simulator\Library\PackageCache\com.unity.xr.oculus@1.11.2\Runtime\OculusLoader.cs:235 
  at (wrapper managed-to-native) System.Reflection.MonoMethod.InternalInvoke(System.Reflection.MonoMethod,object,object[],System.Exception&)
  at System.Reflection.MonoMethod.Invoke (System.Object obj, System.Reflection.BindingFlags invokeAttr, System.Reflection.Binder binder, System.Object[] parameters, System.Globalization.CultureInfo culture) [0x00032] in <695d1cc93cca45069c528c15c9fdd749>:0 
   --- End of inner exception stack trace ---
  at System.Reflection.MonoMethod.Invoke (System.Object obj, System.Reflection.BindingFlags invokeAttr, System.Reflection.Binder binder, System.Object[] parameters, System.Globalization.CultureInfo culture) [0x00048] in <695d1cc93cca45069c528c15c9fdd749>:0 
  at System.Reflection.MethodBase.Invoke (System.Object obj, System.Object[] parameters) [0x00000] in <695d1cc93cca45069c528c15c9fdd749>:0 
  at UnityEditor.EditorAssemblies.ProcessInitializeOnLoadMethodAttributes () [0x00047] in <55729f52d042492e9efc384182ae2feb>:0 
UnityEngine.StackTraceUtility:ExtractStackTrace ()
UnityEngine.DebugLogHandler:LogFormat (UnityEngine.LogType,UnityEngine.Object,string,object[])
UnityEngine.Logger:Log (UnityEngine.LogType,object)
UnityEngine.Debug:LogError (object)
UnityEditor.EditorAssemblies:ProcessInitializeOnLoadMethodAttributes ()

Mono: successfully reloaded assembly
- Completed reload, in  2.851 seconds
Domain Reload Profiling:
	ReloadAssembly (2852ms)
		BeginReloadAssembly (309ms)
			ExecutionOrderSort (0ms)
			DisableScriptedObjects (16ms)
			BackupInstance (0ms)
			ReleaseScriptingObjects (0ms)
			CreateAndSetChildDomain (96ms)
		EndReloadAssembly (2391ms)
			LoadAssemblies (242ms)
			RebuildTransferFunctionScriptingTraits (0ms)
			SetupTypeCache (757ms)
			ReleaseScriptCaches (3ms)
			RebuildScriptCaches (120ms)
			SetupLoadedEditorAssemblies (996ms)
				LogAssemblyErrors (0ms)
				InitializePlatformSupportModulesInManaged (9ms)
				SetLoadedEditorAssemblies (1ms)
				RefreshPlugins (2ms)
				BeforeProcessingInitializeOnLoad (302ms)
				ProcessInitializeOnLoadAttributes (615ms)
				ProcessInitializeOnLoadMethodAttributes (51ms)
				AfterProcessingInitializeOnLoad (15ms)
				EditorAssembliesLoaded (0ms)
			ExecutionOrderSort2 (0ms)
			AwakeInstancesAfterBackupRestoration (17ms)
Platform modules already initialized, skipping
Refreshing native plugins compatible for Editor in 1.91 ms, found 14 plugins.
Preloading 1 native plugins for Editor in 0.21 ms.
Unloading 2371 Unused Serialized files (Serialized files now loaded: 0)
System memory in use before: 99.4 MB.
System memory in use after: 99.6 MB.

Unloading 52 unused Assets to reduce memory usage. Loaded Objects now: 2800.
Total: 6.943000 ms (FindLiveObjects: 0.280300 ms CreateObjectMapping: 0.159500 ms MarkObjects: 6.426700 ms  DeleteObjects: 0.074200 ms)

AssetImportParameters requested are different than current active one (requested -> active):
  custom:framework-win-MediaFoundation: 216162199b28c13a410421893ffa2e32 -> 
  custom:video-decoder-ogg-theora: a1e56fd34408186e4bbccfd4996cb3dc -> 
  custom:container-muxer-webm: aa71ff27fc2769a1b78a27578f13a17b -> 
  custom:container-demuxer-webm: 4f35f7cbe854078d1ac9338744f61a02 -> 
  custom:container-demuxer-ogg: 62fdf1f143b41e24485cea50d1cbac27 -> 
  custom:video-encoder-webm-vp8: eb34c28f22e8b96e1ab97ce403110664 -> 
  custom:video-decoder-webm-vp8: 9c59270c3fd7afecdb556c50c9e8de78 -> 
  custom:audio-decoder-ogg-vorbis: bf7c407c2cedff20999df2af8eb42d56 -> 
  custom:audio-encoder-webm-vorbis: bf7c407c2cedff20999df2af8eb42d56 -> 
AssetImportWorkerClient::OnTransportError - code=2 error=End of file
